\BOOKMARK [0][-]{chapter.1}{\376\377\000B\000e\000v\000e\000z\000e\000t\000\351\000s\000\040\000\351\000s\000\040\000P\000r\000o\000b\000l\000\351\000m\000a\000f\000e\000l\000v\000e\000t\000\351\000s}{}% 1
\BOOKMARK [1][-]{section.1.1}{\376\377\000A\000\040\000p\000r\000o\000j\000e\000k\000t\000\040\000c\000\351\000l\000j\000a}{chapter.1}% 2
\BOOKMARK [1][-]{section.1.2}{\376\377\000A\000\040\000k\000e\000r\000e\000s\000l\000e\000t\000o\000l\000d\000a\000l\000i\000\040\000s\000z\000a\000b\000\341\000l\000y\000o\000z\000\341\000s\000\040\000\050\000D\000S\000M\000\051\000\040\000j\000e\000l\000e\000n\000t\001\121\000s\000\351\000g\000e}{chapter.1}% 3
\BOOKMARK [1][-]{section.1.3}{\376\377\000P\000r\000o\000b\000l\000\351\000m\000a\000f\000e\000l\000v\000e\000t\000\351\000s\000\040\000\351\000s\000\040\000m\000o\000t\000i\000v\000\341\000c\000i\000\363}{chapter.1}% 4
\BOOKMARK [1][-]{section.1.4}{\376\377\000K\000u\000t\000a\000t\000\341\000s\000i\000\040\000c\000\351\000l\000o\000k\000\040\000\351\000s\000\040\000h\000o\000z\000z\000\341\000j\000\341\000r\000u\000l\000\341\000s\000o\000k}{chapter.1}% 5
\BOOKMARK [0][-]{chapter.2}{\376\377\000I\000r\000o\000d\000a\000l\000m\000i\000\040\000A\000t\000t\000e\000k\000i\000n\000t\000e\000s\000\040\000e\000s\000\040\000F\000o\000g\000a\000l\000m\000i\000\040\000A\000l\000a\000p\000o\000k}{}% 6
\BOOKMARK [1][-]{section.2.1}{\376\377\000I\000r\000o\000d\000a\000l\000m\000i\000\040\000h\000\341\000t\000t\000\351\000r}{chapter.2}% 7
\BOOKMARK [1][-]{section.2.2}{\376\377\000D\000e\000f\000i\000n\000i\000c\000i\000o\000:\000\040\000P\000e\000a\000k\000-\000t\000o\000-\000A\000v\000e\000r\000a\000g\000e\000\040\000R\000a\000t\000i\000o}{chapter.2}% 8
\BOOKMARK [0][-]{chapter.3}{\376\377\000A\000l\000k\000a\000l\000m\000a\000z\000o\000t\000t\000\040\000A\000l\000g\000o\000r\000i\000t\000m\000u\000s\000o\000k}{}% 9
\BOOKMARK [1][-]{section.3.1}{\376\377\000G\000e\000n\000e\000t\000i\000k\000u\000s\000\040\000A\000l\000g\000o\000r\000i\000t\000m\000u\000s\000\040\000\050\000G\000A\000\051}{chapter.3}% 10
\BOOKMARK [1][-]{section.3.2}{\376\377\000P\000a\000r\000t\000i\000c\000l\000e\000\040\000S\000w\000a\000r\000m\000\040\000O\000p\000t\000i\000m\000i\000z\000a\000t\000i\000o\000n\000\040\000\050\000P\000S\000O\000\051}{chapter.3}% 11
\BOOKMARK [1][-]{section.3.3}{\376\377\000G\000r\000e\000y\000\040\000W\000o\000l\000f\000\040\000O\000p\000t\000i\000m\000i\000z\000e\000r\000\040\000\050\000G\000W\000O\000\051}{chapter.3}% 12
\BOOKMARK [1][-]{section.3.4}{\376\377\000H\000i\000b\000r\000i\000d\000\040\000G\000A\000-\000P\000S\000O}{chapter.3}% 13
\BOOKMARK [0][-]{chapter.4}{\376\377\000K\000\355\000s\000\351\000r\000l\000e\000t\000i\000\040\000E\000r\000e\000d\000m\000\351\000n\000y\000e\000k}{}% 14
\BOOKMARK [1][-]{section.4.1}{\376\377\000K\000\355\000s\000\351\000r\000l\000e\000t\000i\000\040\000s\000z\000c\000e\000n\000\341\000r\000i\000\363\000k}{chapter.4}% 15
\BOOKMARK [1][-]{section.4.2}{\376\377\000T\000\351\000l\000i\000\040\000s\000z\000c\000e\000n\000\341\000r\000i\000\363\000\040\000e\000r\000e\000d\000m\000\351\000n\000y\000e\000i}{chapter.4}% 16
\BOOKMARK [1][-]{section.4.3}{\376\377\000N\000y\000\341\000r\000i\000\040\000s\000z\000c\000e\000n\000\341\000r\000i\000\363\000\040\000e\000r\000e\000d\000m\000\351\000n\000y\000e\000i}{chapter.4}% 17
\BOOKMARK [1][-]{section.4.4}{\376\377\000V\000i\000h\000a\000r\000o\000s\000/\000B\000o\000r\000\372\000s\000\040\000s\000z\000c\000e\000n\000\341\000r\000i\000\363\000\040\000e\000r\000e\000d\000m\000\351\000n\000y\000e\000i}{chapter.4}% 18
\BOOKMARK [1][-]{section.4.5}{\376\377\000E\000r\000e\000d\000m\000\351\000n\000y\000e\000k\000\040\000e\000l\000e\000m\000z\000\351\000s\000e}{chapter.4}% 19
\BOOKMARK [1][-]{section.4.6}{\376\377\000I\000m\000p\000l\000e\000m\000e\000n\000t\000\341\000c\000i\000\363\000s\000\040\000r\000\351\000s\000z\000l\000e\000t\000e\000k}{chapter.4}% 20
\BOOKMARK [1][-]{section.4.7}{\376\377\000\301\000b\000r\000\341\000k}{chapter.4}% 21
\BOOKMARK [0][-]{chapter.5}{\376\377\000K\000\366\000v\000e\000t\000k\000e\000z\000t\000e\000t\000\351\000s\000e\000k\000\040\000\351\000s\000\040\000A\000j\000\341\000n\000l\000\341\000s\000o\000k}{}% 22
\BOOKMARK [1][-]{section.5.1}{\376\377\000E\000g\000y\000\040\000n\000a\000p\000\040\000r\000\351\000s\000z\000l\000e\000t\000e\000s\000\040\000e\000s\000e\000t\000e\000l\000e\000m\000z\000\351\000s\000e}{chapter.5}% 23
\BOOKMARK [1][-]{section.5.2}{\376\377\000F\001\121\000b\000b\000\040\000m\000e\000g\000\341\000l\000l\000a\000p\000\355\000t\000\341\000s\000o\000k}{chapter.5}% 24
\BOOKMARK [1][-]{section.5.3}{\376\377\000G\000a\000z\000d\000a\000s\000\341\000g\000i\000\040\000m\000e\000g\000t\000\351\000r\000\374\000l\000\351\000s}{chapter.5}% 25
\BOOKMARK [1][-]{section.5.4}{\376\377\000K\000\366\000r\000n\000y\000e\000z\000e\000t\000i\000\040\000h\000a\000t\000\341\000s}{chapter.5}% 26
\BOOKMARK [1][-]{section.5.5}{\376\377\000J\000\366\000v\001\121\000b\000e\000l\000i\000\040\000k\000u\000t\000a\000t\000\341\000s\000i\000\040\000i\000r\000\341\000n\000y\000o\000k}{chapter.5}% 27
\BOOKMARK [2][-]{subsection.5.5.1}{\376\377\000E\000n\000e\000r\000g\000i\000a\000k\000\366\000z\000\366\000s\000s\000\351\000g\000e\000k\000\040\000\050\000R\000E\000C\000\051}{section.5.5}% 28
\BOOKMARK [2][-]{subsection.5.5.2}{\376\377\000M\000u\000l\000t\000i\000-\000o\000b\000j\000e\000c\000t\000i\000v\000e\000\040\000o\000p\000t\000i\000m\000a\000l\000i\000z\000\341\000l\000\341\000s}{section.5.5}% 29
\BOOKMARK [2][-]{subsection.5.5.3}{\376\377\000G\000\351\000p\000i\000\040\000t\000a\000n\000u\000l\000\341\000s\000\040\000i\000n\000t\000e\000g\000r\000\341\000c\000i\000\363}{section.5.5}% 30
\BOOKMARK [2][-]{subsection.5.5.4}{\376\377\000V\0002\000G\000\040\000i\000n\000t\000e\000g\000r\000\341\000c\000i\000\363}{section.5.5}% 31
\BOOKMARK [1][-]{section.5.6}{\376\377\000I\000m\000p\000l\000e\000m\000e\000n\000t\000\341\000c\000i\000\363\000s\000\040\000a\000j\000\341\000n\000l\000\341\000s\000o\000k}{chapter.5}% 32
\BOOKMARK [2][-]{subsection.5.6.1}{\376\377\000K\000i\000s\000\040\000h\000\341\000z\000t\000a\000r\000t\000\341\000s\000o\000k\000n\000a\000k\000\040\000\050\000<\000\040\0003\000\040\000f\001\121\000\051}{section.5.6}% 33
\BOOKMARK [2][-]{subsection.5.6.2}{\376\377\000K\000\366\000z\000e\000p\000e\000s\000\040\000h\000\341\000z\000t\000a\000r\000t\000\341\000s\000o\000k\000n\000a\000k\000\040\000\050\0003\040\023\0005\000\040\000f\001\121\000\051}{section.5.6}% 34
\BOOKMARK [0][-]{appendix.A}{\376\377\000F\000o\000n\000t\000o\000s\000a\000b\000b\000\040\000p\000r\000o\000g\000r\000a\000m\000k\000\363\000d\000o\000k\000\040\000l\000i\000s\000t\000\341\000j\000a}{}% 35
\BOOKMARK [1][-]{section.A.1}{\376\377\000H\000E\000M\000S\000\040\000k\000\363\000d\000b\000\341\000z\000i\000s}{appendix.A}% 36
\BOOKMARK [1][-]{section.A.2}{\376\377\000M\000i\000n\000t\000a\000k\000\363\000d\000r\000\351\000s\000z\000l\000e\000t}{appendix.A}% 37
