\BOOKMARK [0][-]{chapter.2}{\376\377\000B\000e\000v\000e\000z\000e\000t\000\351\000s\000\040\000\351\000s\000\040\000P\000r\000o\000b\000l\000\351\000m\000a\000f\000e\000l\000v\000e\000t\000\351\000s}{}% 1
\BOOKMARK [1][-]{section.3}{\376\377\000A\000\040\000p\000r\000o\000j\000e\000k\000t\000\040\000c\000\351\000l\000j\000a}{chapter.2}% 2
\BOOKMARK [1][-]{section.4}{\376\377\000A\000\040\000k\000e\000r\000e\000s\000l\000e\000t\000o\000l\000d\000a\000l\000i\000\040\000s\000z\000a\000b\000\341\000l\000y\000o\000z\000\341\000s\000\040\000\050\000D\000S\000M\000\051\000\040\000j\000e\000l\000e\000n\000t\001\121\000s\000\351\000g\000e}{chapter.2}% 3
\BOOKMARK [1][-]{section.5}{\376\377\000P\000r\000o\000b\000l\000\351\000m\000a\000f\000e\000l\000v\000e\000t\000\351\000s\000\040\000\351\000s\000\040\000m\000o\000t\000i\000v\000\341\000c\000i\000\363}{chapter.2}% 4
\BOOKMARK [1][-]{section.6}{\376\377\000K\000u\000t\000a\000t\000\341\000s\000i\000\040\000c\000\351\000l\000o\000k\000\040\000\351\000s\000\040\000h\000o\000z\000z\000\341\000j\000\341\000r\000u\000l\000\341\000s\000o\000k}{chapter.2}% 5
\BOOKMARK [1][-]{section.7}{\376\377\000S\000z\000a\000k\000i\000r\000o\000d\000a\000l\000m\000i\000\040\000\341\000t\000t\000e\000k\000i\000n\000t\000\351\000s\000\040\000\351\000s\000\040\000k\000u\000t\000a\000t\000\341\000s\000i\000\040\000r\000\351\000s\000\040\000\050\000S\000t\000a\000t\000e\000\040\000o\000f\000\040\000t\000h\000e\000\040\000A\000r\000t\000\051}{chapter.2}% 6
\BOOKMARK [2][-]{subsection.8}{\376\377\000M\000e\000t\000a\000h\000e\000u\000r\000i\000s\000z\000t\000i\000k\000\341\000k\000\040\000a\000\040\000k\000e\000r\000e\000s\000l\000e\000t\000o\000l\000d\000a\000l\000i\000\040\000s\000z\000a\000b\000\341\000l\000y\000o\000z\000\341\000s\000b\000a\000n\000\040\000\050\000D\000S\000M\000\051}{section.7}% 7
\BOOKMARK [2][-]{subsection.9}{\376\377\000A\000d\000a\000t\000m\000i\000n\001\121\000s\000\351\000g\000\040\000\351\000s\000\040\000b\000e\000m\000e\000n\000e\000t\000i\000\040\000r\000e\000a\000l\000i\000z\000m\000u\000s\000\040\000a\000\040\000k\000o\000r\000\341\000b\000b\000i\000\040\000k\000u\000t\000a\000t\000\341\000s\000o\000k\000b\000a\000n}{section.7}% 8
\BOOKMARK [2][-]{subsection.10}{\376\377\000A\000\040\000d\000o\000l\000g\000o\000z\000a\000t\000\040\000\341\000l\000t\000a\000l\000\040\000m\000e\000g\000c\000\351\000l\000z\000o\000t\000t\000\040\000k\000u\000t\000a\000t\000\341\000s\000i\000\040\000r\000\351\000s\000\040\000\050\000R\000e\000s\000e\000a\000r\000c\000h\000\040\000G\000a\000p\000\051}{section.7}% 9
\BOOKMARK [0][-]{chapter.11}{\376\377\000I\000r\000o\000d\000a\000l\000m\000i\000\040\000A\000t\000t\000e\000k\000i\000n\000t\000e\000s\000\040\000e\000s\000\040\000F\000o\000g\000a\000l\000m\000i\000\040\000A\000l\000a\000p\000o\000k}{}% 10
\BOOKMARK [1][-]{section.12}{\376\377\000I\000r\000o\000d\000a\000l\000m\000i\000\040\000h\000\341\000t\000t\000\351\000r}{chapter.11}% 11
\BOOKMARK [1][-]{section.13}{\376\377\000D\000e\000f\000i\000n\000i\000c\000i\000o\000:\000\040\000P\000e\000a\000k\000-\000t\000o\000-\000A\000v\000e\000r\000a\000g\000e\000\040\000R\000a\000t\000i\000o}{chapter.11}% 12
\BOOKMARK [1][-]{section.19}{\376\377\000O\000p\000t\000i\000m\000a\000l\000i\000z\000\341\000l\000\341\000s\000i\000\040\000m\000o\000d\000e\000l\000l\000\040\000\351\000s\000\040\000d\000\366\000n\000t\000\351\000s\000i\000\040\000v\000\341\000l\000t\000o\000z\000\363\000k}{chapter.11}% 13
\BOOKMARK [1][-]{section.22}{\376\377\000K\000o\000r\000l\000\341\000t\000o\000k\000\040\000\351\000s\000\040\000b\000\374\000n\000t\000e\000t\000\351\000s\000e\000s\000\040\000k\000e\000z\000e\000l\000\351\000s}{chapter.11}% 14
\BOOKMARK [1][-]{section.23}{\376\377\000V\000\351\000t\000e\000l\000\040\000\351\000s\000\040\000v\000i\000s\000s\000z\000a\000t\000\341\000p\000l\000\341\000l\000\341\000s\000\040\000a\000s\000z\000i\000m\000m\000e\000t\000r\000i\000\341\000j\000a}{chapter.11}% 15
\BOOKMARK [0][-]{chapter.24}{\376\377\000M\000\363\000d\000s\000z\000e\000r\000t\000a\000n\000\040\000\351\000s\000\040\000R\000e\000n\000d\000s\000z\000e\000r\000a\000r\000c\000h\000i\000t\000e\000k\000t\000\372\000r\000a}{}% 16
\BOOKMARK [1][-]{section.25}{\376\377\000R\000e\000n\000d\000s\000z\000e\000r\000b\000l\000o\000k\000k\000o\000k\000\040\000\351\000s\000\040\000f\000e\000l\000e\000l\001\121\000s\000s\000\351\000g\000e\000k}{chapter.24}% 17
\BOOKMARK [1][-]{section.26}{\376\377\000A\000d\000a\000t\000f\000o\000r\000r\000\341\000s\000o\000k\000\040\000\351\000s\000\040\000e\000l\001\121\000f\000e\000l\000d\000o\000l\000g\000o\000z\000\341\000s}{chapter.24}% 18
\BOOKMARK [1][-]{section.29}{\376\377\000P\000r\000o\000f\000i\000l\000\351\000p\000\355\000t\000\351\000s\000:\000\040\000A\000\040\0002\000x\0002\000-\000e\000s\000\040\000m\000\341\000t\000r\000i\000x}{chapter.24}% 19
\BOOKMARK [1][-]{section.30}{\376\377\000O\000p\000t\000i\000m\000a\000l\000i\000z\000\341\000l\000\341\000s\000i\000\040\000c\000i\000k\000l\000u\000s\000\040\000\351\000s\000\040\000f\000u\000t\000\341\000s\000s\000z\000\341\000m}{chapter.24}% 20
\BOOKMARK [1][-]{section.32}{\376\377\000K\000i\000\351\000r\000t\000\351\000k\000e\000l\000\351\000s\000i\000\040\000m\000u\000t\000a\000t\000\363\000k}{chapter.24}% 21
\BOOKMARK [1][-]{section.34}{\376\377\000A\000r\000t\000e\000f\000a\000k\000t\000-\000a\000l\000a\000p\000\372\000\040\000r\000i\000p\000o\000r\000t\000o\000l\000\341\000s}{chapter.24}% 22
\BOOKMARK [0][-]{chapter.35}{\376\377\000A\000l\000k\000a\000l\000m\000a\000z\000o\000t\000t\000\040\000A\000l\000g\000o\000r\000i\000t\000m\000u\000s\000o\000k}{}% 23
\BOOKMARK [1][-]{section.36}{\376\377\000G\000e\000n\000e\000t\000i\000k\000u\000s\000\040\000A\000l\000g\000o\000r\000i\000t\000m\000u\000s\000\040\000\050\000G\000A\000\051}{chapter.35}% 24
\BOOKMARK [1][-]{section.37}{\376\377\000P\000a\000r\000t\000i\000c\000l\000e\000\040\000S\000w\000a\000r\000m\000\040\000O\000p\000t\000i\000m\000i\000z\000a\000t\000i\000o\000n\000\040\000\050\000P\000S\000O\000\051}{chapter.35}% 25
\BOOKMARK [1][-]{section.40}{\376\377\000G\000r\000e\000y\000\040\000W\000o\000l\000f\000\040\000O\000p\000t\000i\000m\000i\000z\000e\000r\000\040\000\050\000G\000W\000O\000\051}{chapter.35}% 26
\BOOKMARK [1][-]{section.44}{\376\377\000H\000i\000b\000r\000i\000d\000\040\000G\000A\000-\000P\000S\000O}{chapter.35}% 27
\BOOKMARK [1][-]{section.45}{\376\377\000K\000o\000m\000p\000l\000e\000x\000i\000t\000\341\000s\000\040\000\351\000s\000\040\000p\000a\000r\000a\000m\000\351\000t\000e\000r\000\351\000r\000z\000\351\000k\000e\000n\000y\000s\000\351\000g}{chapter.35}% 28
\BOOKMARK [1][-]{section.47}{\376\377\000M\000i\000\351\000r\000t\000\040\000\351\000r\000d\000e\000m\000e\000s\000\040\000a\000\040\000j\000e\000l\000e\000n\000l\000e\000g\000i\000\040\000H\000E\000M\000S\000-\000m\000o\000d\000e\000l\000l\000r\000e\000\040\000\351\000p\000\355\000t\000e\000n\000i\000?}{chapter.35}% 29
\BOOKMARK [1][-]{section.52}{\376\377\000A\000\040\000m\000e\000t\000a\000h\000e\000u\000r\000i\000s\000z\000t\000i\000k\000\341\000k\000\040\000s\000z\000e\000r\000e\000p\000e\000\040\000a\000\040\000t\000e\000r\000h\000e\000l\000\351\000s\000e\000l\000t\000o\000l\000\341\000s\000b\000a\000n}{chapter.35}% 30
\BOOKMARK [0][-]{chapter.53}{\376\377\000K\000\355\000s\000\351\000r\000l\000e\000t\000i\000\040\000E\000r\000e\000d\000m\000\351\000n\000y\000e\000k}{}% 31
\BOOKMARK [1][-]{section.54}{\376\377\000K\000\355\000s\000\351\000r\000l\000e\000t\000i\000\040\000s\000z\000c\000e\000n\000\341\000r\000i\000\363\000k}{chapter.53}% 32
\BOOKMARK [1][-]{section.55}{\376\377\000T\000\351\000l\000i\000\040\000s\000z\000c\000e\000n\000\341\000r\000i\000\363\000\040\000e\000r\000e\000d\000m\000\351\000n\000y\000e\000i}{chapter.53}% 33
\BOOKMARK [1][-]{section.57}{\376\377\000N\000y\000\341\000r\000i\000\040\000s\000z\000c\000e\000n\000\341\000r\000i\000\363\000\040\000e\000r\000e\000d\000m\000\351\000n\000y\000e\000i}{chapter.53}% 34
\BOOKMARK [1][-]{section.59}{\376\377\000V\000i\000h\000a\000r\000o\000s\000/\000B\000o\000r\000\372\000s\000\040\000s\000z\000c\000e\000n\000\341\000r\000i\000\363\000\040\000e\000r\000e\000d\000m\000\351\000n\000y\000e\000i}{chapter.53}% 35
\BOOKMARK [1][-]{section.61}{\376\377\000E\000r\000e\000d\000m\000\351\000n\000y\000e\000k\000\040\000e\000l\000e\000m\000z\000\351\000s\000e}{chapter.53}% 36
\BOOKMARK [1][-]{section.62}{\376\377\000I\000m\000p\000l\000e\000m\000e\000n\000t\000\341\000c\000i\000\363\000s\000\040\000r\000\351\000s\000z\000l\000e\000t\000e\000k}{chapter.53}% 37
\BOOKMARK [1][-]{section.76}{\376\377\000\301\000b\000r\000\341\000k}{chapter.53}% 38
\BOOKMARK [1][-]{section.77}{\376\377\000F\000r\000i\000s\000s\000\355\000t\000e\000t\000t\000\040\000b\000e\000n\000c\000h\000m\000a\000r\000k\000\040\000p\000r\000o\000t\000o\000k\000o\000l\000l\000\040\000\050\000r\000e\000a\000l\000\040\000P\000V\000\040\000v\000s\000\040\000s\000y\000n\000t\000h\000e\000t\000i\000c\000\051}{chapter.53}% 39
\BOOKMARK [1][-]{section.79}{\376\377\000R\000e\000p\000r\000o\000d\000u\000k\000\341\000l\000h\000a\000t\000\363\000s\000\341\000g\000\040\000\351\000s\000\040\000s\000e\000e\000d\000e\000l\000\351\000s\000i\000\040\000s\000\351\000m\000a}{chapter.53}% 40
\BOOKMARK [1][-]{section.82}{\376\377\000K\000i\000\351\000r\000t\000\351\000k\000e\000l\000\351\000s\000i\000\040\000m\000e\000t\000r\000i\000k\000\341\000k\000\040\000a\000\040\000f\000r\000i\000s\000s\000\355\000t\000e\000t\000t\000\040\000p\000i\000p\000e\000l\000i\000n\000e\000-\000b\000a\000n}{chapter.53}% 41
\BOOKMARK [1][-]{section.84}{\376\377\000\311\000r\000v\000\351\000n\000y\000e\000s\000s\000\351\000g\000i\000\040\000k\000o\000r\000l\000\341\000t\000o\000k}{chapter.53}% 42
\BOOKMARK [0][-]{chapter.85}{\376\377\000K\000\366\000v\000e\000t\000k\000e\000z\000t\000e\000t\000\351\000s\000e\000k\000\040\000\351\000s\000\040\000A\000j\000\341\000n\000l\000\341\000s\000o\000k}{}% 43
\BOOKMARK [1][-]{section.86}{\376\377\000E\000g\000y\000\040\000n\000a\000p\000\040\000r\000\351\000s\000z\000l\000e\000t\000e\000s\000\040\000e\000s\000e\000t\000e\000l\000e\000m\000z\000\351\000s\000e}{chapter.85}% 44
\BOOKMARK [1][-]{section.89}{\376\377\000A\000\040\0002\000x\0002\000-\000e\000s\000\040\000k\000\355\000s\000\351\000r\000l\000e\000t\000i\000\040\000m\000\341\000t\000r\000i\000x\000:\000\040\000r\000o\000b\000u\000s\000z\000t\000u\000s\000s\000\341\000g\000\040\000v\000a\000l\000i\000d\000\341\000l\000\341\000s\000a}{chapter.85}% 45
\BOOKMARK [2][-]{subsection.90}{\376\377\000M\000o\000t\000i\000v\000\341\000c\000i\000\363}{section.89}% 46
\BOOKMARK [2][-]{subsection.96}{\376\377\000A\000\040\0002\000x\0002\000-\000e\000s\000\040\000m\000\341\000t\000r\000i\000x\000\040\000t\000u\000d\000o\000m\000\341\000n\000y\000o\000s\000\040\000\351\000r\000t\000\351\000k\000e}{section.89}% 47
\BOOKMARK [1][-]{section.97}{\376\377\000F\001\121\000b\000b\000\040\000m\000e\000g\000\341\000l\000l\000a\000p\000\355\000t\000\341\000s\000o\000k}{chapter.85}% 48
\BOOKMARK [1][-]{section.98}{\376\377\000G\000a\000z\000d\000a\000s\000\341\000g\000i\000\040\000m\000e\000g\000t\000\351\000r\000\374\000l\000\351\000s}{chapter.85}% 49
\BOOKMARK [1][-]{section.100}{\376\377\000K\000\366\000r\000n\000y\000e\000z\000e\000t\000i\000\040\000h\000a\000t\000\341\000s}{chapter.85}% 50
\BOOKMARK [1][-]{section.101}{\376\377\000J\000\366\000v\001\121\000b\000e\000l\000i\000\040\000k\000u\000t\000a\000t\000\341\000s\000i\000\040\000i\000r\000\341\000n\000y\000o\000k\000\040\000\351\000s\000\040\000f\000e\000j\000l\000e\000s\000z\000t\000\351\000s\000i\000\040\000l\000e\000h\000e\000t\001\121\000s\000\351\000g\000e\000k}{chapter.85}% 51
\BOOKMARK [1][-]{section.102}{\376\377\000I\000m\000p\000l\000e\000m\000e\000n\000t\000\341\000c\000i\000\363\000s\000\040\000a\000j\000\341\000n\000l\000\341\000s\000o\000k\000\040\000\351\000s\000\040\000g\000a\000z\000d\000a\000s\000\341\000g\000i\000\040\000s\000z\000e\000m\000p\000o\000n\000t\000o\000k}{chapter.85}% 52
\BOOKMARK [1][-]{section.103}{\376\377\000K\000\363\000d\000b\000\341\000z\000i\000s\000-\000a\000l\000a\000p\000\372\000\040\000b\000e\000n\000c\000h\000m\000a\000r\000k\000-\000\351\000r\000t\000\351\000k\000e\000l\000\351\000s}{chapter.85}% 53
\BOOKMARK [1][-]{section.105}{\376\377\000A\000\040\000k\000e\000r\000e\000s\000\351\000s\000i\000\040\000t\000\351\000r\000\040\000m\000a\000t\000e\000m\000a\000t\000i\000k\000a\000i\000\040\000a\000n\000a\000t\000\363\000m\000i\000\341\000j\000a\000:\000\040\000f\000e\000l\000f\000e\000d\000e\000z\000\351\000s\000\040\000v\000s\000.\000\040\000k\000i\000a\000k\000n\000\341\000z\000\341\000s}{chapter.85}% 54
\BOOKMARK [2][-]{subsection.106}{\376\377\000A\000\040\000z\000a\000j\000o\000s\000\040\000a\000d\000a\000t\000o\000k\000\040\000h\000a\000t\000\341\000s\000a\000\040\000a\000\040\000k\000e\000r\000e\000s\000\351\000s\000i\000\040\000t\000\351\000r\000r\000e\000\040\000\050\000R\000u\000g\000g\000e\000d\000\040\000L\000a\000n\000d\000s\000c\000a\000p\000e\000\051}{section.105}% 55
\BOOKMARK [2][-]{subsection.107}{\376\377\000A\000\040\000P\000S\000O\000\040\000k\000o\000r\000a\000i\000\040\000k\000o\000n\000v\000e\000r\000g\000e\000n\000c\000i\000\341\000j\000a}{section.105}% 56
\BOOKMARK [2][-]{subsection.109}{\376\377\000A\000\040\000g\000e\000n\000e\000t\000i\000k\000u\000s\000\040\000a\000l\000g\000o\000r\000i\000t\000m\000u\000s\000\040\000r\000o\000b\000u\000s\000z\000t\000u\000s\000s\000\341\000g\000a}{section.105}% 57
\BOOKMARK [1][-]{section.110}{\376\377\000A\000\040\000b\000e\000m\000e\000n\000e\000t\000i\000\040\000a\000d\000a\000t\000m\000i\000n\001\121\000s\000\351\000g\000\040\000h\000a\000t\000\341\000s\000a\000\040\000a\000z\000\040\000o\000p\000t\000i\000m\000a\000l\000i\000z\000\341\000c\000i\000\363\000s\000\040\000t\000e\000l\000j\000e\000s\000\355\000t\000m\000\351\000n\000y\000r\000e}{chapter.85}% 58
\BOOKMARK [1][-]{section.111}{\376\377\000A\000l\000g\000o\000r\000i\000t\000m\000u\000s\000o\000k\000\040\000k\000\366\000z\000\366\000t\000t\000i\000\040\000g\000y\000a\000k\000o\000r\000l\000a\000t\000i\000\040\000k\000\374\000l\000\366\000n\000b\000s\000\351\000g\000e\000k}{chapter.85}% 59
\BOOKMARK [1][-]{section.112}{\376\377\000A\000\040\000j\000e\000l\000e\000n\000l\000e\000g\000i\000\040\000m\000o\000d\000e\000l\000l\000\040\000g\000y\000a\000k\000o\000r\000l\000a\000t\000i\000\040\000\351\000r\000t\000\351\000k\000e}{chapter.85}% 60
\BOOKMARK [0][-]{chapter.116}{\376\377\000R\000e\000p\000r\000o\000d\000u\000k\000\341\000l\000h\000a\000t\000\363\000s\000\341\000g\000\040\000\351\000s\000\040\000\311\000r\000v\000\351\000n\000y\000e\000s\000s\000\351\000g\000i\000\040\000K\000o\000r\000l\000\341\000t\000o\000k}{}% 61
\BOOKMARK [1][-]{section.117}{\376\377\000R\000e\000p\000r\000o\000d\000u\000k\000\341\000l\000h\000a\000t\000\363\000s\000\341\000g\000i\000\040\000a\000l\000a\000p\000e\000l\000v\000e\000k}{chapter.116}% 62
\BOOKMARK [1][-]{section.121}{\376\377\000F\000u\000t\000\341\000s\000i\000\040\000k\000\366\000r\000n\000y\000e\000z\000e\000t\000\040\000\351\000s\000\040\000a\000r\000t\000e\000f\000a\000k\000t\000o\000k}{chapter.116}% 63
\BOOKMARK [1][-]{section.122}{\376\377\000B\000e\000l\000s\001\121\000\040\000\351\000r\000v\000\351\000n\000y\000e\000s\000s\000\351\000g\000\040\000\050\000i\000n\000t\000e\000r\000n\000a\000l\000\040\000v\000a\000l\000i\000d\000i\000t\000y\000\051}{chapter.116}% 64
\BOOKMARK [1][-]{section.123}{\376\377\000K\000\374\000l\000s\001\121\000\040\000\351\000r\000v\000\351\000n\000y\000e\000s\000s\000\351\000g\000\040\000\050\000e\000x\000t\000e\000r\000n\000a\000l\000\040\000v\000a\000l\000i\000d\000i\000t\000y\000\051}{chapter.116}% 65
\BOOKMARK [1][-]{section.126}{\376\377\000F\000e\000n\000y\000e\000g\000e\000t\000\351\000s\000e\000k\000\040\000a\000z\000\040\000\351\000r\000v\000\351\000n\000y\000e\000s\000s\000\351\000g\000r\000e\000\040\000\050\000t\000h\000r\000e\000a\000t\000s\000\040\000t\000o\000\040\000v\000a\000l\000i\000d\000i\000t\000y\000\051}{chapter.116}% 66
\BOOKMARK [1][-]{section.127}{\376\377\000J\000a\000v\000a\000s\000o\000l\000t\000\040\000v\000a\000l\000i\000d\000\341\000c\000i\000\363\000s\000\040\000p\000r\000o\000t\000o\000k\000o\000l\000l\000\040\000a\000\040\000k\000\366\000v\000e\000t\000k\000e\000z\001\121\000\040\000i\000t\000e\000r\000\341\000c\000i\000\363\000r\000a}{chapter.116}% 67
\BOOKMARK [0][-]{appendix.133}{\376\377\000F\000o\000n\000t\000o\000s\000a\000b\000b\000\040\000p\000r\000o\000g\000r\000a\000m\000k\000\363\000d\000o\000k\000\040\000l\000i\000s\000t\000\341\000j\000a}{}% 68
\BOOKMARK [1][-]{section.134}{\376\377\000H\000E\000M\000S\000\040\000k\000\363\000d\000b\000\341\000z\000i\000s}{appendix.133}% 69
\BOOKMARK [1][-]{section.135}{\376\377\000M\000i\000n\000t\000a\000k\000\363\000d\000r\000\351\000s\000z\000l\000e\000t}{appendix.133}% 70
\BOOKMARK [1][-]{section.192}{\376\377\000F\000u\000t\000t\000a\000t\000\341\000s\000i\000\040\000a\000r\000c\000h\000i\000t\000e\000k\000t\000\372\000r\000a\000\040\000\050\000j\000e\000l\000e\000n\000l\000e\000g\000i\000\040\000\341\000l\000l\000a\000p\000o\000t\000\051}{appendix.133}% 71
\BOOKMARK [1][-]{section.193}{\376\377\000M\000o\000d\000u\000l\000s\000z\000i\000n\000t\001\161\000\040\000f\000e\000l\000e\000l\001\121\000s\000s\000\351\000g\000e\000k}{appendix.133}% 72
\BOOKMARK [1][-]{section.194}{\376\377\000A\000d\000a\000t\000-\000\040\000\351\000s\000\040\000e\000r\000e\000d\000m\000\351\000n\000y\000-\000a\000r\000t\000e\000f\000a\000k\000t\000o\000k}{appendix.133}% 73
\BOOKMARK [1][-]{section.195}{\376\377\000R\000e\000p\000r\000o\000d\000u\000k\000\341\000l\000h\000a\000t\000\363\000s\000\341\000g\000i\000\040\000s\000z\000e\000m\000p\000o\000n\000t\000o\000k}{appendix.133}% 74
